source: 1    %mm_dstrans (
source: 2    dscodeFileUri=%nrstr(/files/files/dd73ec54-9476-4212-bbf9-ffa46613a1e4),
source: 3    xmlFileUri=%nrstr(/files/files/2002cc53-d5ec-41fc-9b9a-5e15e2145352),
source: 4    ds2epFileUri=%nrstr(),
source: 5    ds2pkgFileUri=%nrstr(/files/files/6d5b8227-def2-4651-818c-9d8acb6ee289));
note: 
note: NOTE: Copy Data Step score code file to local.
note: NOTE: DATA statement used (Total process time):
note:       real time           0.17 seconds
note:       cpu time            0.02 seconds
note:       
note: 
note: 
note: NOTE: Copy score XML file to local.
note: NOTE: DATA statement used (Total process time):
note:       real time           0.15 seconds
note:       cpu time            0.01 seconds
note:       
note: 
note: 
note: NOTE: PROCEDURE DSTRANS used (Total process time):
note:       real time           0.07 seconds
note:       cpu time            0.03 seconds
note:       
note: 
note: 
title: 2                                                          The SAS System                         Friday, March 29, 2024 05:38:00 PM
title: 
note: NOTE: Copy DS2 Package file to file service.
note: NOTE: DATA statement used (Total process time):
note:       real time           0.16 seconds
note:       cpu time            0.01 seconds
note:       
note: 
note: NOTE: Fileref _DS2PKG has been deassigned.
note: NOTE: Fileref DS2PKG has been deassigned.
note: NOTE: Fileref _DSCODE has been deassigned.
note: NOTE: Fileref DSCODE has been deassigned.
note: NOTE: Fileref _SCRXML has been deassigned.
note: NOTE: Fileref SCRXML has been deassigned.
note: 