source: 1    %mm_dstrans (
source: 2    dscodeFileUri=%nrstr(/files/files/7bcaabaa-43c3-457e-a787-10ae028c14f6),
source: 3    xmlFileUri=%nrstr(/files/files/488b6441-f0fb-42c9-9618-60d0b95a310f),
source: 4    ds2epFileUri=%nrstr(),
source: 5    ds2pkgFileUri=%nrstr(/files/files/34aaaffc-9ae2-45de-aa0e-0e42bae3b989));
note: 
note: NOTE: Copy Data Step score code file to local.
note: NOTE: DATA statement used (Total process time):
note:       real time           0.15 seconds
note:       cpu time            0.02 seconds
note:       
note: 
note: 
note: NOTE: Copy score XML file to local.
note: NOTE: DATA statement used (Total process time):
note:       real time           0.15 seconds
note:       cpu time            0.01 seconds
note:       
note: 
note: 
note: NOTE: PROCEDURE DSTRANS used (Total process time):
note:       real time           0.07 seconds
note:       cpu time            0.05 seconds
note:       
note: 
note: 
title: 2                                                          The SAS System                         Friday, March 29, 2024 07:11:00 PM
title: 
note: NOTE: Copy DS2 Package file to file service.
note: NOTE: DATA statement used (Total process time):
note:       real time           0.26 seconds
note:       cpu time            0.01 seconds
note:       
note: 
note: NOTE: Fileref _DS2PKG has been deassigned.
note: NOTE: Fileref DS2PKG has been deassigned.
note: NOTE: Fileref _DSCODE has been deassigned.
note: NOTE: Fileref DSCODE has been deassigned.
note: NOTE: Fileref _SCRXML has been deassigned.
note: NOTE: Fileref SCRXML has been deassigned.
note: 