source: 1    %mm_dstrans (
source: 2    dscodeFileUri=%nrstr(/files/files/5bf55b0f-7e7b-4a6b-9d75-a3f185dba899),
source: 3    xmlFileUri=%nrstr(/files/files/5941437a-bc79-436c-8e49-ee9305f3a7a1),
source: 4    ds2epFileUri=%nrstr(),
source: 5    ds2pkgFileUri=%nrstr(/files/files/b8ceb627-7ee6-491b-840c-f21a1f4ea29a));
note: 
note: NOTE: Copy Data Step score code file to local.
note: NOTE: DATA statement used (Total process time):
note:       real time           0.16 seconds
note:       cpu time            0.02 seconds
note:       
note: 
note: 
note: NOTE: Copy score XML file to local.
note: NOTE: DATA statement used (Total process time):
note:       real time           0.15 seconds
note:       cpu time            0.00 seconds
note:       
note: 
note: 
note: NOTE: PROCEDURE DSTRANS used (Total process time):
note:       real time           0.18 seconds
note:       cpu time            0.06 seconds
note:       
note: 
note: 
title: 2                                                          The SAS System                         Friday, March 29, 2024 05:34:00 PM
title: 
note: NOTE: Copy DS2 Package file to file service.
note: NOTE: DATA statement used (Total process time):
note:       real time           0.32 seconds
note:       cpu time            0.01 seconds
note:       
note: 
note: NOTE: Fileref _DS2PKG has been deassigned.
note: NOTE: Fileref DS2PKG has been deassigned.
note: NOTE: Fileref _DSCODE has been deassigned.
note: NOTE: Fileref DSCODE has been deassigned.
note: NOTE: Fileref _SCRXML has been deassigned.
note: NOTE: Fileref SCRXML has been deassigned.
note: 