source: 1    %mm_dstrans (
source: 2    dscodeFileUri=%nrstr(/files/files/01a3ea17-b2ff-48fb-96a0-ee39ce6a5ae5),
source: 3    xmlFileUri=%nrstr(/files/files/1c159698-d387-4705-82e1-dc7c29f2fbdd),ds2epFileUri=%nrstr(),ds2pkgFileUri=%nrstr(/files/files/42
source: 3  ! fd3170-30f5-4b00-ba07-ea158612ec9c));
note: 
note: NOTE: Copy Data Step score code file to local.
note: NOTE: DATA statement used (Total process time):
note:       real time           0.19 seconds
note:       cpu time            0.02 seconds
note:       
note: 
note: 
note: NOTE: Copy score XML file to local.
note: NOTE: DATA statement used (Total process time):
note:       real time           0.18 seconds
note:       cpu time            0.01 seconds
note:       
note: 
note: 
note: NOTE: PROCEDURE DSTRANS used (Total process time):
note:       real time           0.07 seconds
note:       cpu time            0.04 seconds
note:       
note: 
note: 
note: NOTE: Copy DS2 Package file to file service.
title: 2                                                          The SAS System                     Tuesday, February 20, 2024 09:56:00 PM
title: 
note: NOTE: DATA statement used (Total process time):
note:       real time           0.18 seconds
note:       cpu time            0.02 seconds
note:       
note: 
note: NOTE: Fileref _DS2PKG has been deassigned.
note: NOTE: Fileref DS2PKG has been deassigned.
note: NOTE: Fileref _DSCODE has been deassigned.
note: NOTE: Fileref DSCODE has been deassigned.
note: NOTE: Fileref _SCRXML has been deassigned.
note: NOTE: Fileref SCRXML has been deassigned.
note: 